dh_installdirs
dh_installdirs
dh_install
dh_link
dh_installman
dh_compress
dh_installdeb
dh_gencontrol
dh_md5sums
dh_builddeb
dh_builddeb
dh_installdirs
dh_install
dh_link
dh_installman
dh_compress
dh_installdeb
dh_gencontrol
dh_md5sums
dh_builddeb
dh_builddeb
dh_installdirs
dh_install
dh_link
dh_installman
dh_compress
dh_installdeb
dh_gencontrol
dh_md5sums
dh_builddeb
dh_builddeb
dh_installdirs
dh_install
dh_link
dh_installman
dh_compress
dh_installdeb
dh_gencontrol
dh_md5sums
dh_builddeb
dh_builddeb
dh_installdirs
dh_install
dh_link
dh_installman
dh_compress
dh_installdeb
dh_gencontrol
dh_md5sums
dh_builddeb
dh_builddeb
dh_installdirs
dh_install
dh_link
dh_installman
dh_compress
dh_installdeb
dh_gencontrol
dh_md5sums
dh_builddeb
dh_builddeb
dh_installdirs
dh_install
dh_link
dh_installman
dh_compress
dh_installdeb
dh_gencontrol
dh_md5sums
dh_builddeb
dh_builddeb
dh_installdirs
dh_install
dh_link
dh_installman
dh_compress
dh_installdeb
dh_gencontrol
dh_md5sums
dh_builddeb
dh_builddeb
dh_installdirs
dh_install
dh_link
dh_installman
dh_compress
dh_installdeb
dh_gencontrol
dh_md5sums
dh_builddeb
dh_builddeb
dh_installdirs
dh_install
dh_link
dh_installman
dh_compress
dh_installdeb
dh_gencontrol
dh_md5sums
dh_builddeb
dh_builddeb
dh_installdirs
dh_install
dh_link
dh_installman
dh_compress
dh_installdeb
dh_gencontrol
dh_md5sums
dh_builddeb
dh_builddeb
dh_installdirs
dh_install
dh_link
dh_installman
dh_compress
dh_installdeb
dh_gencontrol
dh_md5sums
dh_builddeb
dh_builddeb
dh_installdirs
dh_install
dh_link
dh_installman
dh_compress
dh_installdeb
dh_gencontrol
dh_md5sums
dh_builddeb
dh_builddeb
dh_installdirs
dh_install
dh_link
dh_installman
dh_compress
dh_installdeb
dh_gencontrol
dh_md5sums
dh_builddeb
dh_builddeb
dh_installdirs
dh_install
dh_link
dh_installman
dh_compress
dh_installdeb
dh_gencontrol
dh_md5sums
dh_builddeb
dh_builddeb
dh_installdirs
dh_install
dh_link
dh_installman
dh_compress
dh_installdeb
dh_gencontrol
dh_md5sums
dh_builddeb
dh_builddeb
dh_installdirs
dh_install
dh_link
dh_installman
dh_compress
dh_installdeb
dh_gencontrol
dh_md5sums
dh_builddeb
dh_builddeb
dh_installdirs
dh_install
dh_link
dh_installman
dh_compress
dh_installdeb
dh_gencontrol
dh_md5sums
dh_builddeb
dh_builddeb
dh_installdirs
dh_install
dh_link
dh_installman
dh_compress
dh_installdeb
dh_gencontrol
dh_md5sums
dh_builddeb
dh_builddeb
dh_installdirs
dh_install
dh_link
dh_installman
dh_compress
dh_installdeb
dh_gencontrol
dh_md5sums
dh_builddeb
dh_builddeb
